{"uuid":"187fa6b8-f8dd-4568-a927-8e6a47cab212","name":"360_rent_APK_Java","children":["c1ca70eb-29b4-4239-bfc9-410dbde69dfd"],"befores":[{"name":"setUp","status":"broken","statusDetails":{"known":false,"muted":false,"flaky":false,"message":"Unable to create HTTP client factory","trace":"java.lang.UnsupportedOperationException: Unable to create HTTP client factory\r\n\tat org.openqa.selenium.remote.http.HttpClient$Factory.createDefault(HttpClient.java:48)\r\n\tat io.appium.java_client.remote.AppiumCommandExecutor.<init>(AppiumCommandExecutor.java:93)\r\n\tat io.appium.java_client.AppiumDriver.<init>(AppiumDriver.java:97)\r\n\tat io.appium.java_client.android.AndroidDriver.<init>(AndroidDriver.java:94)\r\n\tat core.DesiredCaps.startApp(DesiredCaps.java:35)\r\n\tat TestCase.Myunit.setUp(Myunit.java:29)\r\n\tat sun.reflect.NativeMethodAccessorImpl.invoke0(Native Method)\r\n\tat sun.reflect.NativeMethodAccessorImpl.invoke(NativeMethodAccessorImpl.java:62)\r\n\tat sun.reflect.DelegatingMethodAccessorImpl.invoke(DelegatingMethodAccessorImpl.java:43)\r\n\tat java.lang.reflect.Method.invoke(Method.java:498)\r\n\tat org.testng.internal.MethodInvocationHelper.invokeMethod(MethodInvocationHelper.java:134)\r\n\tat org.testng.internal.MethodInvocationHelper.invokeMethodConsideringTimeout(MethodInvocationHelper.java:63)\r\n\tat org.testng.internal.ConfigInvoker.invokeConfigurationMethod(ConfigInvoker.java:348)\r\n\tat org.testng.internal.ConfigInvoker.invokeConfigurations(ConfigInvoker.java:302)\r\n\tat org.testng.TestRunner.invokeTestConfigurations(TestRunner.java:619)\r\n\tat org.testng.TestRunner.beforeRun(TestRunner.java:609)\r\n\tat org.testng.TestRunner.run(TestRunner.java:580)\r\n\tat org.testng.SuiteRunner.runTest(SuiteRunner.java:384)\r\n\tat org.testng.SuiteRunner.runSequentially(SuiteRunner.java:378)\r\n\tat org.testng.SuiteRunner.privateRun(SuiteRunner.java:337)\r\n\tat org.testng.SuiteRunner.run(SuiteRunner.java:286)\r\n\tat org.testng.SuiteRunnerWorker.runSuite(SuiteRunnerWorker.java:53)\r\n\tat org.testng.SuiteRunnerWorker.run(SuiteRunnerWorker.java:96)\r\n\tat org.testng.TestNG.runSuitesSequentially(TestNG.java:1187)\r\n\tat org.testng.TestNG.runSuitesLocally(TestNG.java:1109)\r\n\tat org.testng.TestNG.runSuites(TestNG.java:1039)\r\n\tat org.testng.TestNG.run(TestNG.java:1007)\r\n\tat com.intellij.rt.testng.IDEARemoteTestNG.run(IDEARemoteTestNG.java:66)\r\n\tat com.intellij.rt.testng.RemoteTestNGStarter.main(RemoteTestNGStarter.java:109)\r\nCaused by: java.lang.ClassNotFoundException: org.openqa.selenium.remote.http.netty.NettyClient$Factory\r\n\tat java.net.URLClassLoader.findClass(URLClassLoader.java:381)\r\n\tat java.lang.ClassLoader.loadClass(ClassLoader.java:424)\r\n\tat sun.misc.Launcher$AppClassLoader.loadClass(Launcher.java:335)\r\n\tat java.lang.ClassLoader.loadClass(ClassLoader.java:357)\r\n\tat java.lang.Class.forName0(Native Method)\r\n\tat java.lang.Class.forName(Class.java:264)\r\n\tat org.openqa.selenium.remote.http.HttpClient$Factory.createDefault(HttpClient.java:44)\r\n\t... 28 more\r\n"},"stage":"finished","description":"","steps":[],"attachments":[],"parameters":[],"start":1600419826393,"stop":1600419849471}],"afters":[{"name":"tearDown","status":"broken","stage":"finished","description":"","steps":[],"attachments":[],"parameters":[],"start":1600419849839,"stop":1600419849840}],"links":[],"start":1600419826361,"stop":1600419849841}